<?xml version="1.0" encoding="UTF-8"?>
<!-- Generated by org.testng.reporters.JUnitReportReporter -->
<testsuite hostname="DESKTOP-OI11RVG" failures="0" tests="1" name="com.testing.SignIn" time="32.488" errors="0" timestamp="2022-10-03T19:47:22 IST" skipped="0">
  <testcase classname="com.testing.SignIn" name="signinTest" time="32.488"/>
  <system-out/>
</testsuite> <!-- com.testing.SignIn -->
