<?xml version="1.0" encoding="UTF-8"?>
<!-- Generated by org.testng.reporters.JUnitReportReporter -->
<testsuite hostname="DESKTOP-OI11RVG" failures="0" tests="1" name="com.testing.RegisterPage" time="35.105" errors="0" timestamp="2022-10-03T19:46:11 IST" skipped="0">
  <testcase classname="com.testing.RegisterPage" name="RegisterPageTest" time="35.105"/>
  <system-out/>
</testsuite> <!-- com.testing.RegisterPage -->
