<?xml version="1.0" encoding="UTF-8"?>
<!-- Generated by org.testng.reporters.JUnitReportReporter -->
<testsuite hostname="DESKTOP-OI11RVG" failures="0" tests="1" name="com.testing.AddtoCart" time="28.178" errors="0" timestamp="2022-10-03T19:48:40 IST" skipped="0">
  <testcase classname="com.testing.AddtoCart" name="AddCartTest" time="28.178"/>
  <system-out/>
</testsuite> <!-- com.testing.AddtoCart -->
